17:23:41.570 [main] DEBUG com.intuit.karate - request:
1 > POST https://restful-booker.herokuapp.com/booking
1 > Accept: application/json
1 > Content-Type: application/json; charset=UTF-8
1 > Content-Length: 168
1 > Host: restful-booker.herokuapp.com
1 > Connection: Keep-Alive
1 > User-Agent: Apache-HttpClient/4.5.13 (Java/17.0.9)
1 > Accept-Encoding: gzip,deflate
{"firstname":"Mesut","lastname":"Tok","totalprice":500,"depositpaid":true,"bookingdates":{"checkin":"2025-03-13","checkout":"2025-04-13"},"additionalneeds":"Breakfast"}

17:23:42.502 [main] DEBUG com.intuit.karate - response time in milliseconds: 924
1 < 200
1 < Server: Cowboy
1 < Report-To: {"group":"heroku-nel","max_age":3600,"endpoints":[{"url":"https://nel.heroku.com/reports?ts=1739715822&sid=c46efe9b-d3d2-4a0c-8c76-bfafa16c5add&s=%2FlBWk%2B7V9sNtmSX9mJymUifPWZRoR1Tj5hMapDBdP5c%3D"}]}
1 < Reporting-Endpoints: heroku-nel=https://nel.heroku.com/reports?ts=1739715822&sid=c46efe9b-d3d2-4a0c-8c76-bfafa16c5add&s=%2FlBWk%2B7V9sNtmSX9mJymUifPWZRoR1Tj5hMapDBdP5c%3D
1 < Nel: {"report_to":"heroku-nel","max_age":3600,"success_fraction":0.005,"failure_fraction":0.05,"response_headers":["Via"]}
1 < Connection: keep-alive
1 < X-Powered-By: Express
1 < Content-Type: application/json; charset=utf-8
1 < Content-Length: 197
1 < Etag: W/"c5-pCk69CqwW7hDzGDzzSYSLJZ+8MA"
1 < Date: Sun, 16 Feb 2025 14:23:42 GMT
1 < Via: 1.1 vegur
{"bookingid":1315,"booking":{"firstname":"Mesut","lastname":"Tok","totalprice":500,"depositpaid":true,"bookingdates":{"checkin":"2025-03-13","checkout":"2025-04-13"},"additionalneeds":"Breakfast"}}

17:23:42.634 [main] INFO  com.intuit.karate - [print] {
  "bookingid": 1315,
  "booking": {
    "firstname": "Mesut",
    "lastname": "Tok",
    "totalprice": 500,
    "depositpaid": true,
    "bookingdates": {
      "checkin": "2025-03-13",
      "checkout": "2025-04-13"
    },
    "additionalneeds": "Breakfast"
  }
}
 
17:23:44.025 [main] INFO  com.intuit.karate.Suite - <<pass>> feature 1 of 10 (0 remaining) src/test/java/features/common/CreateBooking.feature
17:23:44.128 [main] INFO  com.intuit.karate - Config: {
  "apienv": null,
  "apiBaseURL": "https://restful-booker.herokuapp.com"
}
 
17:23:44.136 [main] DEBUG com.intuit.karate - request:
1 > POST https://restful-booker.herokuapp.com/auth
1 > Accept: application/json
1 > Content-Type: application/json; charset=UTF-8
1 > Content-Length: 45
1 > Host: restful-booker.herokuapp.com
1 > Connection: Keep-Alive
1 > User-Agent: Apache-HttpClient/4.5.13 (Java/17.0.9)
1 > Accept-Encoding: gzip,deflate
{"username":"admin","password":"password123"}

17:23:44.559 [main] DEBUG com.intuit.karate - response time in milliseconds: 422
1 < 200
1 < Server: Cowboy
1 < Report-To: {"group":"heroku-nel","max_age":3600,"endpoints":[{"url":"https://nel.heroku.com/reports?ts=1739715824&sid=c46efe9b-d3d2-4a0c-8c76-bfafa16c5add&s=SBhLffTVBCQvKkhXAylc62QPdHnu5qEFzL9Hmmw65SM%3D"}]}
1 < Reporting-Endpoints: heroku-nel=https://nel.heroku.com/reports?ts=1739715824&sid=c46efe9b-d3d2-4a0c-8c76-bfafa16c5add&s=SBhLffTVBCQvKkhXAylc62QPdHnu5qEFzL9Hmmw65SM%3D
1 < Nel: {"report_to":"heroku-nel","max_age":3600,"success_fraction":0.005,"failure_fraction":0.05,"response_headers":["Via"]}
1 < Connection: keep-alive
1 < X-Powered-By: Express
1 < Content-Type: application/json; charset=utf-8
1 < Content-Length: 27
1 < Etag: W/"1b-nNaTh+Y3pWZP1HnxOHK45hK5Tn4"
1 < Date: Sun, 16 Feb 2025 14:23:44 GMT
1 < Via: 1.1 vegur
{"token":"1af56880d1f8c12"}

17:23:44.562 [main] INFO  com.intuit.karate - [print] {
  "token": "1af56880d1f8c12"
}
 
17:23:44.889 [main] INFO  com.intuit.karate.Suite - <<pass>> feature 2 of 10 (0 remaining) src/test/java/features/common/CreateToken.feature
17:23:44.912 [main] DEBUG com.intuit.karate - request:
1 > POST https://restful-booker.herokuapp.com/booking
1 > Accept: application/json
1 > Content-Type: application/json; charset=UTF-8
1 > Content-Length: 168
1 > Host: restful-booker.herokuapp.com
1 > Connection: Keep-Alive
1 > User-Agent: Apache-HttpClient/4.5.13 (Java/17.0.9)
1 > Accept-Encoding: gzip,deflate
{"firstname":"Mesut","lastname":"Tok","totalprice":500,"depositpaid":true,"bookingdates":{"checkin":"2025-03-13","checkout":"2025-04-13"},"additionalneeds":"Breakfast"}

17:23:45.344 [main] DEBUG com.intuit.karate - response time in milliseconds: 429
1 < 200
1 < Server: Cowboy
1 < Report-To: {"group":"heroku-nel","max_age":3600,"endpoints":[{"url":"https://nel.heroku.com/reports?ts=1739715825&sid=c46efe9b-d3d2-4a0c-8c76-bfafa16c5add&s=y38xcRxIjiBM2QzpPCf1syoMEoTsEonOZ6A7SPFhxlA%3D"}]}
1 < Reporting-Endpoints: heroku-nel=https://nel.heroku.com/reports?ts=1739715825&sid=c46efe9b-d3d2-4a0c-8c76-bfafa16c5add&s=y38xcRxIjiBM2QzpPCf1syoMEoTsEonOZ6A7SPFhxlA%3D
1 < Nel: {"report_to":"heroku-nel","max_age":3600,"success_fraction":0.005,"failure_fraction":0.05,"response_headers":["Via"]}
1 < Connection: keep-alive
1 < X-Powered-By: Express
1 < Content-Type: application/json; charset=utf-8
1 < Content-Length: 197
1 < Etag: W/"c5-KdDJS54cRAqvHWncXMsvCpJd1MI"
1 < Date: Sun, 16 Feb 2025 14:23:45 GMT
1 < Via: 1.1 vegur
{"bookingid":1344,"booking":{"firstname":"Mesut","lastname":"Tok","totalprice":500,"depositpaid":true,"bookingdates":{"checkin":"2025-03-13","checkout":"2025-04-13"},"additionalneeds":"Breakfast"}}

17:23:45.346 [main] INFO  com.intuit.karate - [print] {
  "bookingid": 1344,
  "booking": {
    "firstname": "Mesut",
    "lastname": "Tok",
    "totalprice": 500,
    "depositpaid": true,
    "bookingdates": {
      "checkin": "2025-03-13",
      "checkout": "2025-04-13"
    },
    "additionalneeds": "Breakfast"
  }
}
 
17:23:45.493 [main] INFO  com.intuit.karate.Suite - <<pass>> feature 3 of 10 (0 remaining) src/test/java/features/restfulBooker/createBooking/CreateBooking.feature
17:23:45.506 [main] INFO  com.intuit.karate - Config: {
  "apienv": null,
  "apiBaseURL": "https://restful-booker.herokuapp.com"
}
 
17:23:45.510 [main] DEBUG com.intuit.karate - request:
1 > POST https://restful-booker.herokuapp.com/auth
1 > Accept: application/json
1 > Content-Type: application/json; charset=UTF-8
1 > Content-Length: 45
1 > Host: restful-booker.herokuapp.com
1 > Connection: Keep-Alive
1 > User-Agent: Apache-HttpClient/4.5.13 (Java/17.0.9)
1 > Accept-Encoding: gzip,deflate
{"username":"admin","password":"password123"}

17:23:45.931 [main] DEBUG com.intuit.karate - response time in milliseconds: 421
1 < 200
1 < Server: Cowboy
1 < Report-To: {"group":"heroku-nel","max_age":3600,"endpoints":[{"url":"https://nel.heroku.com/reports?ts=1739715826&sid=c46efe9b-d3d2-4a0c-8c76-bfafa16c5add&s=rxLIFhFDqJGd9Qs6%2BNZwaV0fC0lR6taawNVUqSSP5II%3D"}]}
1 < Reporting-Endpoints: heroku-nel=https://nel.heroku.com/reports?ts=1739715826&sid=c46efe9b-d3d2-4a0c-8c76-bfafa16c5add&s=rxLIFhFDqJGd9Qs6%2BNZwaV0fC0lR6taawNVUqSSP5II%3D
1 < Nel: {"report_to":"heroku-nel","max_age":3600,"success_fraction":0.005,"failure_fraction":0.05,"response_headers":["Via"]}
1 < Connection: keep-alive
1 < X-Powered-By: Express
1 < Content-Type: application/json; charset=utf-8
1 < Content-Length: 27
1 < Etag: W/"1b-zQRY4MAOGW2y2h8bwSeQ+bTdIto"
1 < Date: Sun, 16 Feb 2025 14:23:46 GMT
1 < Via: 1.1 vegur
{"token":"bcaaf45ddaf372f"}

17:23:45.932 [main] INFO  com.intuit.karate - [print] {
  "token": "bcaaf45ddaf372f"
}
 
17:23:46.030 [main] INFO  com.intuit.karate.Suite - <<pass>> feature 4 of 10 (0 remaining) src/test/java/features/restfulBooker/createToken/CreateToken.feature
17:23:46.054 [main] DEBUG com.intuit.karate - request:
1 > POST https://restful-booker.herokuapp.com/booking
1 > Accept: application/json
1 > Content-Type: application/json; charset=UTF-8
1 > Content-Length: 168
1 > Host: restful-booker.herokuapp.com
1 > Connection: Keep-Alive
1 > User-Agent: Apache-HttpClient/4.5.13 (Java/17.0.9)
1 > Accept-Encoding: gzip,deflate
{"firstname":"Mesut","lastname":"Tok","totalprice":500,"depositpaid":true,"bookingdates":{"checkin":"2025-03-13","checkout":"2025-04-13"},"additionalneeds":"Breakfast"}

17:23:46.462 [main] DEBUG com.intuit.karate - response time in milliseconds: 408
1 < 200
1 < Server: Cowboy
1 < Report-To: {"group":"heroku-nel","max_age":3600,"endpoints":[{"url":"https://nel.heroku.com/reports?ts=1739715826&sid=c46efe9b-d3d2-4a0c-8c76-bfafa16c5add&s=rxLIFhFDqJGd9Qs6%2BNZwaV0fC0lR6taawNVUqSSP5II%3D"}]}
1 < Reporting-Endpoints: heroku-nel=https://nel.heroku.com/reports?ts=1739715826&sid=c46efe9b-d3d2-4a0c-8c76-bfafa16c5add&s=rxLIFhFDqJGd9Qs6%2BNZwaV0fC0lR6taawNVUqSSP5II%3D
1 < Nel: {"report_to":"heroku-nel","max_age":3600,"success_fraction":0.005,"failure_fraction":0.05,"response_headers":["Via"]}
1 < Connection: keep-alive
1 < X-Powered-By: Express
1 < Content-Type: application/json; charset=utf-8
1 < Content-Length: 197
1 < Etag: W/"c5-us3wEQ3eWeVGSPmnPe8avkfgAk4"
1 < Date: Sun, 16 Feb 2025 14:23:46 GMT
1 < Via: 1.1 vegur
{"bookingid":1352,"booking":{"firstname":"Mesut","lastname":"Tok","totalprice":500,"depositpaid":true,"bookingdates":{"checkin":"2025-03-13","checkout":"2025-04-13"},"additionalneeds":"Breakfast"}}

17:23:46.464 [main] INFO  com.intuit.karate - [print] {
  "bookingid": 1352,
  "booking": {
    "firstname": "Mesut",
    "lastname": "Tok",
    "totalprice": 500,
    "depositpaid": true,
    "bookingdates": {
      "checkin": "2025-03-13",
      "checkout": "2025-04-13"
    },
    "additionalneeds": "Breakfast"
  }
}
 
17:23:46.476 [main] INFO  com.intuit.karate - Config: {
  "apienv": null,
  "apiBaseURL": "https://restful-booker.herokuapp.com"
}
 
17:23:46.479 [main] DEBUG com.intuit.karate - request:
1 > POST https://restful-booker.herokuapp.com/auth
1 > Accept: application/json
1 > Content-Type: application/json; charset=UTF-8
1 > Content-Length: 45
1 > Host: restful-booker.herokuapp.com
1 > Connection: Keep-Alive
1 > User-Agent: Apache-HttpClient/4.5.13 (Java/17.0.9)
1 > Accept-Encoding: gzip,deflate
{"username":"admin","password":"password123"}

17:23:46.896 [main] DEBUG com.intuit.karate - response time in milliseconds: 417
1 < 200
1 < Server: Cowboy
1 < Report-To: {"group":"heroku-nel","max_age":3600,"endpoints":[{"url":"https://nel.heroku.com/reports?ts=1739715827&sid=c46efe9b-d3d2-4a0c-8c76-bfafa16c5add&s=XWVbZfGckGXlMbqTLLzuH99U4kO10iPm%2Bu1gVJzoV9I%3D"}]}
1 < Reporting-Endpoints: heroku-nel=https://nel.heroku.com/reports?ts=1739715827&sid=c46efe9b-d3d2-4a0c-8c76-bfafa16c5add&s=XWVbZfGckGXlMbqTLLzuH99U4kO10iPm%2Bu1gVJzoV9I%3D
1 < Nel: {"report_to":"heroku-nel","max_age":3600,"success_fraction":0.005,"failure_fraction":0.05,"response_headers":["Via"]}
1 < Connection: keep-alive
1 < X-Powered-By: Express
1 < Content-Type: application/json; charset=utf-8
1 < Content-Length: 27
1 < Etag: W/"1b-SiYY7wSMP6Lj9JSMQBepP9i41EI"
1 < Date: Sun, 16 Feb 2025 14:23:47 GMT
1 < Via: 1.1 vegur
{"token":"e58dfb8f5a3a0b2"}

17:23:46.897 [main] INFO  com.intuit.karate - [print] {
  "token": "e58dfb8f5a3a0b2"
}
 
17:23:46.910 [main] DEBUG com.intuit.karate - request:
1 > DELETE https://restful-booker.herokuapp.com/booking/1352
1 > Context-Type: appliction/json
1 > Cookie: token=e58dfb8f5a3a0b2
1 > Host: restful-booker.herokuapp.com
1 > Connection: Keep-Alive
1 > User-Agent: Apache-HttpClient/4.5.13 (Java/17.0.9)
1 > Accept-Encoding: gzip,deflate


17:23:47.322 [main] DEBUG com.intuit.karate - response time in milliseconds: 412
1 < 201
1 < Server: Cowboy
1 < Report-To: {"group":"heroku-nel","max_age":3600,"endpoints":[{"url":"https://nel.heroku.com/reports?ts=1739715827&sid=c46efe9b-d3d2-4a0c-8c76-bfafa16c5add&s=XWVbZfGckGXlMbqTLLzuH99U4kO10iPm%2Bu1gVJzoV9I%3D"}]}
1 < Reporting-Endpoints: heroku-nel=https://nel.heroku.com/reports?ts=1739715827&sid=c46efe9b-d3d2-4a0c-8c76-bfafa16c5add&s=XWVbZfGckGXlMbqTLLzuH99U4kO10iPm%2Bu1gVJzoV9I%3D
1 < Nel: {"report_to":"heroku-nel","max_age":3600,"success_fraction":0.005,"failure_fraction":0.05,"response_headers":["Via"]}
1 < Connection: keep-alive
1 < X-Powered-By: Express
1 < Content-Type: text/plain; charset=utf-8
1 < Content-Length: 7
1 < Etag: W/"7-rM9AyJuqT6iOan/xHh+AW+7K/T8"
1 < Date: Sun, 16 Feb 2025 14:23:47 GMT
1 < Via: 1.1 vegur
Created

17:23:47.793 [main] INFO  com.intuit.karate.Suite - <<pass>> feature 5 of 10 (0 remaining) src/test/java/features/restfulBooker/deleteBooking/DeleteBooking.feature
17:23:47.817 [main] DEBUG com.intuit.karate - request:
1 > GET https://restful-booker.herokuapp.com/booking
1 > Accept: application/json
1 > Host: restful-booker.herokuapp.com
1 > Connection: Keep-Alive
1 > User-Agent: Apache-HttpClient/4.5.13 (Java/17.0.9)
1 > Accept-Encoding: gzip,deflate


17:23:48.372 [main] DEBUG com.intuit.karate - response time in milliseconds: 553
1 < 200
1 < Server: Cowboy
1 < Report-To: {"group":"heroku-nel","max_age":3600,"endpoints":[{"url":"https://nel.heroku.com/reports?ts=1739715828&sid=c46efe9b-d3d2-4a0c-8c76-bfafa16c5add&s=R%2F7ms8Qv1hhkKLyEhsYyzMm1I7SmLYn7tWtnYJECq3o%3D"}]}
1 < Reporting-Endpoints: heroku-nel=https://nel.heroku.com/reports?ts=1739715828&sid=c46efe9b-d3d2-4a0c-8c76-bfafa16c5add&s=R%2F7ms8Qv1hhkKLyEhsYyzMm1I7SmLYn7tWtnYJECq3o%3D
1 < Nel: {"report_to":"heroku-nel","max_age":3600,"success_fraction":0.005,"failure_fraction":0.05,"response_headers":["Via"]}
1 < Connection: keep-alive
1 < X-Powered-By: Express
1 < Content-Type: application/json; charset=utf-8
1 < Content-Length: 17175
1 < Etag: W/"4317-d2vdzSoRWFzLjMYOOETRA8z1KoQ"
1 < Date: Sun, 16 Feb 2025 14:23:48 GMT
1 < Via: 1.1 vegur
[{"bookingid":1024},{"bookingid":670},{"bookingid":248},{"bookingid":507},{"bookingid":405},{"bookingid":477},{"bookingid":1026},{"bookingid":554},{"bookingid":212},{"bookingid":1286},{"bookingid":710},{"bookingid":20},{"bookingid":674},{"bookingid":740},{"bookingid":424},{"bookingid":129},{"bookingid":1191},{"bookingid":409},{"bookingid":384},{"bookingid":568},{"bookingid":15},{"bookingid":612},{"bookingid":363},{"bookingid":936},{"bookingid":1089},{"bookingid":1310},{"bookingid":763},{"bookingid":1335},{"bookingid":268},{"bookingid":1230},{"bookingid":1241},{"bookingid":131},{"bookingid":871},{"bookingid":557},{"bookingid":888},{"bookingid":364},{"bookingid":760},{"bookingid":1076},{"bookingid":499},{"bookingid":382},{"bookingid":869},{"bookingid":185},{"bookingid":1065},{"bookingid":1185},{"bookingid":92},{"bookingid":1264},{"bookingid":1245},{"bookingid":1072},{"bookingid":235},{"bookingid":174},{"bookingid":503},{"bookingid":134},{"bookingid":25},{"bookingid":57},{"bookingid":14},{"bookingid":1202},{"bookingid":528},{"bookingid":453},{"bookingid":108},{"bookingid":1361},{"bookingid":1149},{"bookingid":680},{"bookingid":258},{"bookingid":1105},{"bookingid":876},{"bookingid":1106},{"bookingid":681},{"bookingid":1280},{"bookingid":928},{"bookingid":28},{"bookingid":1194},{"bookingid":1083},{"bookingid":855},{"bookingid":8},{"bookingid":942},{"bookingid":1355},{"bookingid":1358},{"bookingid":625},{"bookingid":96},{"bookingid":1167},{"bookingid":232},{"bookingid":607},{"bookingid":719},{"bookingid":538},{"bookingid":791},{"bookingid":403},{"bookingid":915},{"bookingid":979},{"bookingid":761},{"bookingid":427},{"bookingid":1292},{"bookingid":1103},{"bookingid":99},{"bookingid":1173},{"bookingid":956},{"bookingid":772},{"bookingid":448},{"bookingid":964},{"bookingid":1036},{"bookingid":1366},{"bookingid":660},{"bookingid":365},{"bookingid":38},{"bookingid":795},{"bookingid":1170},{"bookingid":334},{"bookingid":1134},{"bookingid":1311},{"bookingid":19},{"bookingid":1368},{"bookingid":955},{"bookingid":1062},{"bookingid":45},{"bookingid":648},{"bookingid":885},{"bookingid":700},{"bookingid":815},{"bookingid":636},{"bookingid":687},{"bookingid":917},{"bookingid":1193},{"bookingid":511},{"bookingid":431},{"bookingid":752},{"bookingid":10},{"bookingid":689},{"bookingid":444},{"bookingid":1350},{"bookingid":874},{"bookingid":1338},{"bookingid":1326},{"bookingid":23},{"bookingid":495},{"bookingid":178},{"bookingid":1138},{"bookingid":118},{"bookingid":526},{"bookingid":982},{"bookingid":651},{"bookingid":1270},{"bookingid":1183},{"bookingid":1225},{"bookingid":596},{"bookingid":927},{"bookingid":86},{"bookingid":395},{"bookingid":544},{"bookingid":1099},{"bookingid":13},{"bookingid":843},{"bookingid":946},{"bookingid":741},{"bookingid":1156},{"bookingid":860},{"bookingid":850},{"bookingid":471},{"bookingid":26},{"bookingid":1233},{"bookingid":1279},{"bookingid":658},{"bookingid":459},{"bookingid":261},{"bookingid":222},{"bookingid":1139},{"bookingid":993},{"bookingid":37},{"bookingid":313},{"bookingid":880},{"bookingid":160},{"bookingid":739},{"bookingid":374},{"bookingid":693},{"bookingid":846},{"bookingid":299},{"bookingid":958},{"bookingid":188},{"bookingid":831},{"bookingid":472},{"bookingid":867},{"bookingid":589},{"bookingid":370},{"bookingid":510},{"bookingid":781},{"bookingid":332},{"bookingid":1047},{"bookingid":1299},{"bookingid":878},{"bookingid":193},{"bookingid":676},{"bookingid":177},{"bookingid":270},{"bookingid":534},{"bookingid":1020},{"bookingid":602},{"bookingid":30},{"bookingid":1237},{"bookingid":209},{"bookingid":618},{"bookingid":361},{"bookingid":200},{"bookingid":1344},{"bookingid":1289},{"bookingid":601},{"bookingid":488},{"bookingid":1015},{"bookingid":162},{"bookingid":387},{"bookingid":388},{"bookingid":973},{"bookingid":1195},{"bookingid":169},{"bookingid":1345},{"bookingid":1218},{"bookingid":1125},{"bookingid":1348},{"bookingid":1140},{"bookingid":238},{"bookingid":228},{"bookingid":1341},{"bookingid":256},{"bookingid":592},{"bookingid":1287},{"bookingid":1315},{"bookingid":168},{"bookingid":181},{"bookingid":1096},{"bookingid":941},{"bookingid":581},{"bookingid":800},{"bookingid":195},{"bookingid":1175},{"bookingid":1302},{"bookingid":667},{"bookingid":97},{"bookingid":840},{"bookingid":130},{"bookingid":829},{"bookingid":302},{"bookingid":1067},{"bookingid":1294},{"bookingid":101},{"bookingid":918},{"bookingid":394},{"bookingid":415},{"bookingid":863},{"bookingid":896},{"bookingid":324},{"bookingid":1205},{"bookingid":283},{"bookingid":709},{"bookingid":664},{"bookingid":321},{"bookingid":572},{"bookingid":447},{"bookingid":754},{"bookingid":859},{"bookingid":1152},{"bookingid":819},{"bookingid":1080},{"bookingid":1357},{"bookingid":63},{"bookingid":65},{"bookingid":1278},{"bookingid":773},{"bookingid":329},{"bookingid":456},{"bookingid":639},{"bookingid":1206},{"bookingid":675},{"bookingid":730},{"bookingid":890},{"bookingid":1017},{"bookingid":1154},{"bookingid":595},{"bookingid":788},{"bookingid":901},{"bookingid":369},{"bookingid":404},{"bookingid":999},{"bookingid":1327},{"bookingid":776},{"bookingid":1317},{"bookingid":546},{"bookingid":1196},{"bookingid":39},{"bookingid":350},{"bookingid":533},{"bookingid":1078},{"bookingid":617},{"bookingid":992},{"bookingid":900},{"bookingid":785},{"bookingid":523},{"bookingid":1117},{"bookingid":747},{"bookingid":326},{"bookingid":247},{"bookingid":1222},{"bookingid":1297},{"bookingid":991},{"bookingid":911},{"bookingid":51},{"bookingid":1137},{"bookingid":484},{"bookingid":975},{"bookingid":673},{"bookingid":259},{"bookingid":278},{"bookingid":437},{"bookingid":303},{"bookingid":758},{"bookingid":1318},{"bookingid":77},{"bookingid":435},{"bookingid":1123},{"bookingid":473},{"bookingid":24},{"bookingid":486},{"bookingid":813},{"bookingid":751},{"bookingid":1265},{"bookingid":1162},{"bookingid":1351},{"bookingid":180},{"bookingid":610},{"bookingid":136},{"bookingid":323},{"bookingid":445},{"bookingid":541},{"bookingid":1034},{"bookingid":220},{"bookingid":912},{"bookingid":383},{"bookingid":883},{"bookingid":1000},{"bookingid":704},{"bookingid":738},{"bookingid":1249},{"bookingid":894},{"bookingid":967},{"bookingid":317},{"bookingid":466},{"bookingid":1192},{"bookingid":454},{"bookingid":1203},{"bookingid":271},{"bookingid":381},{"bookingid":1319},{"bookingid":44},{"bookingid":934},{"bookingid":390},{"bookingid":1155},{"bookingid":731},{"bookingid":902},{"bookingid":53},{"bookingid":239},{"bookingid":421},{"bookingid":1252},{"bookingid":701},{"bookingid":170},{"bookingid":1148},{"bookingid":33},{"bookingid":852},{"bookingid":1168},{"bookingid":1161},{"bookingid":9},{"bookingid":1182},{"bookingid":1118},{"bookingid":59},{"bookingid":341},{"bookingid":1144},{"bookingid":164},{"bookingid":508},{"bookingid":214},{"bookingid":593},{"bookingid":18},{"bookingid":1147},{"bookingid":366},{"bookingid":1316},{"bookingid":1129},{"bookingid":784},{"bookingid":985},{"bookingid":551},{"bookingid":532},{"bookingid":183},{"bookingid":963},{"bookingid":1073},{"bookingid":516},{"bookingid":980},{"bookingid":457},{"bookingid":293},{"bookingid":1201},{"bookingid":56},{"bookingid":916},{"bookingid":1038},{"bookingid":989},{"bookingid":1163},{"bookingid":397},{"bookingid":770},{"bookingid":354},{"bookingid":137},{"bookingid":587},{"bookingid":87},{"bookingid":269},{"bookingid":1309},{"bookingid":822},{"bookingid":512},{"bookingid":1243},{"bookingid":517},{"bookingid":637},{"bookingid":327},{"bookingid":1256},{"bookingid":1039},{"bookingid":218},{"bookingid":40},{"bookingid":922},{"bookingid":921},{"bookingid":1262},{"bookingid":159},{"bookingid":616},{"bookingid":736},{"bookingid":1285},{"bookingid":438},{"bookingid":187},{"bookingid":305},{"bookingid":462},{"bookingid":509},{"bookingid":1066},{"bookingid":608},{"bookingid":12},{"bookingid":755},{"bookingid":1244},{"bookingid":1041},{"bookingid":679},{"bookingid":360},{"bookingid":1102},{"bookingid":904},{"bookingid":68},{"bookingid":340},{"bookingid":1075},{"bookingid":1234},{"bookingid":810},{"bookingid":1044},{"bookingid":969},{"bookingid":1261},{"bookingid":286},{"bookingid":1227},{"bookingid":69},{"bookingid":226},{"bookingid":777},{"bookingid":1084},{"bookingid":254},{"bookingid":783},{"bookingid":372},{"bookingid":284},{"bookingid":841},{"bookingid":1146},{"bookingid":561},{"bookingid":1346},{"bookingid":295},{"bookingid":242},{"bookingid":796},{"bookingid":574},{"bookingid":1049},{"bookingid":153},{"bookingid":1014},{"bookingid":603},{"bookingid":988},{"bookingid":1110},{"bookingid":793},{"bookingid":944},{"bookingid":1050},{"bookingid":622},{"bookingid":194},{"bookingid":1293},{"bookingid":241},{"bookingid":1001},{"bookingid":866},{"bookingid":467},{"bookingid":1179},{"bookingid":1056},{"bookingid":1130},{"bookingid":768},{"bookingid":80},{"bookingid":865},{"bookingid":1214},{"bookingid":782},{"bookingid":422},{"bookingid":315},{"bookingid":276},{"bookingid":352},{"bookingid":580},{"bookingid":1032},{"bookingid":440},{"bookingid":141},{"bookingid":36},{"bookingid":297},{"bookingid":965},{"bookingid":253},{"bookingid":338},{"bookingid":847},{"bookingid":1219},{"bookingid":722},{"bookingid":745},{"bookingid":109},{"bookingid":1209},{"bookingid":527},{"bookingid":686},{"bookingid":426},{"bookingid":157},{"bookingid":696},{"bookingid":151},{"bookingid":347},{"bookingid":2},{"bookingid":1274},{"bookingid":1336},{"bookingid":463},{"bookingid":85},{"bookingid":474},{"bookingid":249},{"bookingid":695},{"bookingid":634},{"bookingid":46},{"bookingid":757},{"bookingid":126},{"bookingid":17},{"bookingid":1306},{"bookingid":1079},{"bookingid":683},{"bookingid":1362},{"bookingid":933},{"bookingid":1224},{"bookingid":849},{"bookingid":809},{"bookingid":1221},{"bookingid":908},{"bookingid":694},{"bookingid":950},{"bookingid":986},{"bookingid":245},{"bookingid":1158},{"bookingid":1365},{"bookingid":571},{"bookingid":343},{"bookingid":211},{"bookingid":7},{"bookingid":458},{"bookingid":502},{"bookingid":205},{"bookingid":1098},{"bookingid":1275},{"bookingid":1095},{"bookingid":1363},{"bookingid":1043},{"bookingid":644},{"bookingid":611},{"bookingid":877},{"bookingid":1272},{"bookingid":144},{"bookingid":412},{"bookingid":560},{"bookingid":375},{"bookingid":545},{"bookingid":553},{"bookingid":1093},{"bookingid":691},{"bookingid":94},{"bookingid":42},{"bookingid":244},{"bookingid":1113},{"bookingid":671},{"bookingid":732},{"bookingid":1277},{"bookingid":1290},{"bookingid":1359},{"bookingid":814},{"bookingid":668},{"bookingid":428},{"bookingid":72},{"bookingid":627},{"bookingid":690},{"bookingid":1267},{"bookingid":84},{"bookingid":1180},{"bookingid":953},{"bookingid":521},{"bookingid":203},{"bookingid":1174},{"bookingid":83},{"bookingid":319},{"bookingid":1323},{"bookingid":439},{"bookingid":399},{"bookingid":543},{"bookingid":1207},{"bookingid":1176},{"bookingid":498},{"bookingid":11},{"bookingid":1023},{"bookingid":402},{"bookingid":853},{"bookingid":74},{"bookingid":349},{"bookingid":120},{"bookingid":717},{"bookingid":1053},{"bookingid":835},{"bookingid":714},{"bookingid":1235},{"bookingid":1054},{"bookingid":1011},{"bookingid":1307},{"bookingid":974},{"bookingid":609},{"bookingid":638},{"bookingid":1027},{"bookingid":930},{"bookingid":665},{"bookingid":803},{"bookingid":729},{"bookingid":481},{"bookingid":1339},{"bookingid":119},{"bookingid":336},{"bookingid":1009},{"bookingid":281},{"bookingid":1085},{"bookingid":1057},{"bookingid":490},{"bookingid":1030},{"bookingid":373},{"bookingid":615},{"bookingid":621},{"bookingid":659},{"bookingid":559},{"bookingid":854},{"bookingid":504},{"bookingid":566},{"bookingid":816},{"bookingid":150},{"bookingid":844},{"bookingid":208},{"bookingid":165},{"bookingid":229},{"bookingid":550},{"bookingid":972},{"bookingid":221},{"bookingid":29},{"bookingid":450},{"bookingid":476},{"bookingid":191},{"bookingid":179},{"bookingid":418},{"bookingid":125},{"bookingid":398},{"bookingid":184},{"bookingid":4},{"bookingid":6},{"bookingid":227},{"bookingid":642},{"bookingid":31},{"bookingid":682},{"bookingid":5},{"bookingid":565},{"bookingid":355},{"bookingid":1188},{"bookingid":1247},{"bookingid":348},{"bookingid":1312},{"bookingid":318},{"bookingid":1120},{"bookingid":1108},{"bookingid":124},{"bookingid":337},{"bookingid":1212},{"bookingid":449},{"bookingid":62},{"bookingid":79},{"bookingid":711},{"bookingid":117},{"bookingid":359},{"bookingid":804},{"bookingid":199},{"bookingid":703},{"bookingid":1060},{"bookingid":95},{"bookingid":105},{"bookingid":202},{"bookingid":1007},{"bookingid":870},{"bookingid":106},{"bookingid":834},{"bookingid":306},{"bookingid":960},{"bookingid":1059},{"bookingid":762},{"bookingid":939},{"bookingid":1333},{"bookingid":112},{"bookingid":961},{"bookingid":889},{"bookingid":994},{"bookingid":196},{"bookingid":163},{"bookingid":430},{"bookingid":487},{"bookingid":78},{"bookingid":100},{"bookingid":102},{"bookingid":233},{"bookingid":1069},{"bookingid":725},{"bookingid":713},{"bookingid":891},{"bookingid":1251},{"bookingid":1304},{"bookingid":746},{"bookingid":652},{"bookingid":138},{"bookingid":881},{"bookingid":1033},{"bookingid":547},{"bookingid":21},{"bookingid":54},{"bookingid":655},{"bookingid":22},{"bookingid":735},{"bookingid":825},{"bookingid":408},{"bookingid":279},{"bookingid":586},{"bookingid":479},{"bookingid":716},{"bookingid":518},{"bookingid":1122},{"bookingid":805},{"bookingid":531},{"bookingid":856},{"bookingid":643},{"bookingid":482},{"bookingid":645},{"bookingid":432},{"bookingid":767},{"bookingid":304},{"bookingid":1005},{"bookingid":219},{"bookingid":653},{"bookingid":75},{"bookingid":213},{"bookingid":940},{"bookingid":588},{"bookingid":114},{"bookingid":308},{"bookingid":287},{"bookingid":1092},{"bookingid":1012},{"bookingid":801},{"bookingid":583},{"bookingid":146},{"bookingid":419},{"bookingid":1322},{"bookingid":1257},{"bookingid":820},{"bookingid":1169},{"bookingid":35},{"bookingid":1331},{"bookingid":1},{"bookingid":924},{"bookingid":744},{"bookingid":1332},{"bookingid":886},{"bookingid":862},{"bookingid":1301},{"bookingid":1100},{"bookingid":573},{"bookingid":250},{"bookingid":1325},{"bookingid":1291},{"bookingid":93},{"bookingid":897},{"bookingid":624},{"bookingid":778},{"bookingid":156},{"bookingid":296},{"bookingid":171},{"bookingid":1086},{"bookingid":145},{"bookingid":353},{"bookingid":1037},{"bookingid":903},{"bookingid":830},{"bookingid":836},{"bookingid":204},{"bookingid":525},{"bookingid":190},{"bookingid":837},{"bookingid":630},{"bookingid":263},{"bookingid":465},{"bookingid":718},{"bookingid":1018},{"bookingid":1354},{"bookingid":1119},{"bookingid":594},{"bookingid":1135},{"bookingid":266},{"bookingid":1143},{"bookingid":931},{"bookingid":496},{"bookingid":1268},{"bookingid":1200},{"bookingid":662},{"bookingid":1187},{"bookingid":954},{"bookingid":633},{"bookingid":1124},{"bookingid":723},{"bookingid":1215},{"bookingid":997},{"bookingid":790},{"bookingid":552},{"bookingid":808},{"bookingid":1153},{"bookingid":1298},{"bookingid":441},{"bookingid":411},{"bookingid":391},{"bookingid":110},{"bookingid":1367},{"bookingid":1213},{"bookingid":330},{"bookingid":1164},{"bookingid":47},{"bookingid":264},{"bookingid":333},{"bookingid":1042},{"bookingid":288},{"bookingid":724},{"bookingid":537},{"bookingid":123},{"bookingid":978},{"bookingid":3},{"bookingid":649},{"bookingid":1048},{"bookingid":274},{"bookingid":984},{"bookingid":1112},{"bookingid":311},{"bookingid":275},{"bookingid":48},{"bookingid":1071},{"bookingid":89},{"bookingid":1114},{"bookingid":1025},{"bookingid":301},{"bookingid":764},{"bookingid":389},{"bookingid":1006},{"bookingid":1186},{"bookingid":1236},{"bookingid":115},{"bookingid":519},{"bookingid":705},{"bookingid":312},{"bookingid":1342},{"bookingid":292},{"bookingid":469},{"bookingid":71},{"bookingid":1131},{"bookingid":577},{"bookingid":821},{"bookingid":172},{"bookingid":492},{"bookingid":970},{"bookingid":597},{"bookingid":872},{"bookingid":567},{"bookingid":1208},{"bookingid":604},{"bookingid":58},{"bookingid":923},{"bookingid":907},{"bookingid":1109},{"bookingid":147},{"bookingid":584},{"bookingid":786},{"bookingid":947},{"bookingid":66},{"bookingid":780},{"bookingid":628},{"bookingid":935},{"bookingid":416},{"bookingid":493},{"bookingid":895},{"bookingid":1255},{"bookingid":1061},{"bookingid":1239},{"bookingid":152},{"bookingid":234},{"bookingid":706},{"bookingid":1003},{"bookingid":132},{"bookingid":952},{"bookingid":728},{"bookingid":562},{"bookingid":265},{"bookingid":356},{"bookingid":255},{"bookingid":1090},{"bookingid":823},{"bookingid":1271},{"bookingid":540},{"bookingid":798},{"bookingid":433},{"bookingid":1258},{"bookingid":909},{"bookingid":650},{"bookingid":342},{"bookingid":501},{"bookingid":289},{"bookingid":606},{"bookingid":807},{"bookingid":794},{"bookingid":1226},{"bookingid":828},{"bookingid":140},{"bookingid":16},{"bookingid":1282},{"bookingid":578},{"bookingid":698},{"bookingid":629},{"bookingid":217},{"bookingid":379},{"bookingid":1250},{"bookingid":1019},{"bookingid":50},{"bookingid":1324},{"bookingid":769},{"bookingid":414},{"bookingid":43},{"bookingid":1231},{"bookingid":949},{"bookingid":1128},{"bookingid":378},{"bookingid":522}]

17:23:48.506 [main] INFO  com.intuit.karate.Suite - <<pass>> feature 6 of 10 (0 remaining) src/test/java/features/restfulBooker/getBooking/GetBooking.feature
17:23:48.525 [main] DEBUG com.intuit.karate - request:
1 > POST https://restful-booker.herokuapp.com/booking
1 > Accept: application/json
1 > Content-Type: application/json; charset=UTF-8
1 > Content-Length: 168
1 > Host: restful-booker.herokuapp.com
1 > Connection: Keep-Alive
1 > User-Agent: Apache-HttpClient/4.5.13 (Java/17.0.9)
1 > Accept-Encoding: gzip,deflate
{"firstname":"Mesut","lastname":"Tok","totalprice":500,"depositpaid":true,"bookingdates":{"checkin":"2025-03-13","checkout":"2025-04-13"},"additionalneeds":"Breakfast"}

17:23:48.929 [main] DEBUG com.intuit.karate - response time in milliseconds: 404
1 < 200
1 < Server: Cowboy
1 < Report-To: {"group":"heroku-nel","max_age":3600,"endpoints":[{"url":"https://nel.heroku.com/reports?ts=1739715829&sid=c46efe9b-d3d2-4a0c-8c76-bfafa16c5add&s=D0e27YwIF%2F3Pg4SsiB8hWbNc8Mu1fYLxi8blsiD%2F55A%3D"}]}
1 < Reporting-Endpoints: heroku-nel=https://nel.heroku.com/reports?ts=1739715829&sid=c46efe9b-d3d2-4a0c-8c76-bfafa16c5add&s=D0e27YwIF%2F3Pg4SsiB8hWbNc8Mu1fYLxi8blsiD%2F55A%3D
1 < Nel: {"report_to":"heroku-nel","max_age":3600,"success_fraction":0.005,"failure_fraction":0.05,"response_headers":["Via"]}
1 < Connection: keep-alive
1 < X-Powered-By: Express
1 < Content-Type: application/json; charset=utf-8
1 < Content-Length: 197
1 < Etag: W/"c5-Lt1ifSIUzZWlaK6Qevyf2tyN1W0"
1 < Date: Sun, 16 Feb 2025 14:23:49 GMT
1 < Via: 1.1 vegur
{"bookingid":1376,"booking":{"firstname":"Mesut","lastname":"Tok","totalprice":500,"depositpaid":true,"bookingdates":{"checkin":"2025-03-13","checkout":"2025-04-13"},"additionalneeds":"Breakfast"}}

17:23:48.932 [main] INFO  com.intuit.karate - [print] {
  "bookingid": 1376,
  "booking": {
    "firstname": "Mesut",
    "lastname": "Tok",
    "totalprice": 500,
    "depositpaid": true,
    "bookingdates": {
      "checkin": "2025-03-13",
      "checkout": "2025-04-13"
    },
    "additionalneeds": "Breakfast"
  }
}
 
17:23:48.942 [main] DEBUG com.intuit.karate - request:
1 > GET https://restful-booker.herokuapp.com/booking/1376
1 > Accept: application/json
1 > Host: restful-booker.herokuapp.com
1 > Connection: Keep-Alive
1 > User-Agent: Apache-HttpClient/4.5.13 (Java/17.0.9)
1 > Accept-Encoding: gzip,deflate


17:23:49.371 [main] DEBUG com.intuit.karate - response time in milliseconds: 429
1 < 200
1 < Server: Cowboy
1 < Report-To: {"group":"heroku-nel","max_age":3600,"endpoints":[{"url":"https://nel.heroku.com/reports?ts=1739715829&sid=c46efe9b-d3d2-4a0c-8c76-bfafa16c5add&s=D0e27YwIF%2F3Pg4SsiB8hWbNc8Mu1fYLxi8blsiD%2F55A%3D"}]}
1 < Reporting-Endpoints: heroku-nel=https://nel.heroku.com/reports?ts=1739715829&sid=c46efe9b-d3d2-4a0c-8c76-bfafa16c5add&s=D0e27YwIF%2F3Pg4SsiB8hWbNc8Mu1fYLxi8blsiD%2F55A%3D
1 < Nel: {"report_to":"heroku-nel","max_age":3600,"success_fraction":0.005,"failure_fraction":0.05,"response_headers":["Via"]}
1 < Connection: keep-alive
1 < X-Powered-By: Express
1 < Content-Type: application/json; charset=utf-8
1 < Content-Length: 168
1 < Etag: W/"a8-QAKpHPFyasfkkyZe4JGc14+3zHs"
1 < Date: Sun, 16 Feb 2025 14:23:49 GMT
1 < Via: 1.1 vegur
{"firstname":"Mesut","lastname":"Tok","totalprice":500,"depositpaid":true,"bookingdates":{"checkin":"2025-03-13","checkout":"2025-04-13"},"additionalneeds":"Breakfast"}

17:23:49.486 [main] INFO  com.intuit.karate.Suite - <<pass>> feature 7 of 10 (0 remaining) src/test/java/features/restfulBooker/getBookingId/GetBookingId.feature
17:23:49.495 [main] DEBUG com.intuit.karate - request:
1 > GET https://restful-booker.herokuapp.com/ping
1 > Host: restful-booker.herokuapp.com
1 > Connection: Keep-Alive
1 > User-Agent: Apache-HttpClient/4.5.13 (Java/17.0.9)
1 > Accept-Encoding: gzip,deflate


17:23:49.914 [main] DEBUG com.intuit.karate - response time in milliseconds: 419
1 < 201
1 < Server: Cowboy
1 < Report-To: {"group":"heroku-nel","max_age":3600,"endpoints":[{"url":"https://nel.heroku.com/reports?ts=1739715830&sid=c46efe9b-d3d2-4a0c-8c76-bfafa16c5add&s=4%2FwhC%2FlzxvVpwdfPj2%2BpLPPxaCfcQvIRePJV1ZlwYgI%3D"}]}
1 < Reporting-Endpoints: heroku-nel=https://nel.heroku.com/reports?ts=1739715830&sid=c46efe9b-d3d2-4a0c-8c76-bfafa16c5add&s=4%2FwhC%2FlzxvVpwdfPj2%2BpLPPxaCfcQvIRePJV1ZlwYgI%3D
1 < Nel: {"report_to":"heroku-nel","max_age":3600,"success_fraction":0.005,"failure_fraction":0.05,"response_headers":["Via"]}
1 < Connection: keep-alive
1 < X-Powered-By: Express
1 < Content-Type: text/plain; charset=utf-8
1 < Content-Length: 7
1 < Etag: W/"7-rM9AyJuqT6iOan/xHh+AW+7K/T8"
1 < Date: Sun, 16 Feb 2025 14:23:50 GMT
1 < Via: 1.1 vegur
Created

17:23:49.960 [main] INFO  com.intuit.karate.Suite - <<pass>> feature 8 of 10 (0 remaining) src/test/java/features/restfulBooker/healthCheck/HealthCheck.feature
17:23:49.978 [main] DEBUG com.intuit.karate - request:
1 > POST https://restful-booker.herokuapp.com/booking
1 > Accept: application/json
1 > Content-Type: application/json; charset=UTF-8
1 > Content-Length: 168
1 > Host: restful-booker.herokuapp.com
1 > Connection: Keep-Alive
1 > User-Agent: Apache-HttpClient/4.5.13 (Java/17.0.9)
1 > Accept-Encoding: gzip,deflate
{"firstname":"Mesut","lastname":"Tok","totalprice":500,"depositpaid":true,"bookingdates":{"checkin":"2025-03-13","checkout":"2025-04-13"},"additionalneeds":"Breakfast"}

17:23:50.388 [main] DEBUG com.intuit.karate - response time in milliseconds: 408
1 < 200
1 < Server: Cowboy
1 < Report-To: {"group":"heroku-nel","max_age":3600,"endpoints":[{"url":"https://nel.heroku.com/reports?ts=1739715830&sid=c46efe9b-d3d2-4a0c-8c76-bfafa16c5add&s=4%2FwhC%2FlzxvVpwdfPj2%2BpLPPxaCfcQvIRePJV1ZlwYgI%3D"}]}
1 < Reporting-Endpoints: heroku-nel=https://nel.heroku.com/reports?ts=1739715830&sid=c46efe9b-d3d2-4a0c-8c76-bfafa16c5add&s=4%2FwhC%2FlzxvVpwdfPj2%2BpLPPxaCfcQvIRePJV1ZlwYgI%3D
1 < Nel: {"report_to":"heroku-nel","max_age":3600,"success_fraction":0.005,"failure_fraction":0.05,"response_headers":["Via"]}
1 < Connection: keep-alive
1 < X-Powered-By: Express
1 < Content-Type: application/json; charset=utf-8
1 < Content-Length: 197
1 < Etag: W/"c5-UXlwbF3PYpEiKuuu6K6Jo71Tuig"
1 < Date: Sun, 16 Feb 2025 14:23:50 GMT
1 < Via: 1.1 vegur
{"bookingid":1389,"booking":{"firstname":"Mesut","lastname":"Tok","totalprice":500,"depositpaid":true,"bookingdates":{"checkin":"2025-03-13","checkout":"2025-04-13"},"additionalneeds":"Breakfast"}}

17:23:50.391 [main] INFO  com.intuit.karate - [print] {
  "bookingid": 1389,
  "booking": {
    "firstname": "Mesut",
    "lastname": "Tok",
    "totalprice": 500,
    "depositpaid": true,
    "bookingdates": {
      "checkin": "2025-03-13",
      "checkout": "2025-04-13"
    },
    "additionalneeds": "Breakfast"
  }
}
 
17:23:50.408 [main] INFO  com.intuit.karate - Config: {
  "apienv": null,
  "apiBaseURL": "https://restful-booker.herokuapp.com"
}
 
17:23:50.413 [main] DEBUG com.intuit.karate - request:
1 > POST https://restful-booker.herokuapp.com/auth
1 > Accept: application/json
1 > Content-Type: application/json; charset=UTF-8
1 > Content-Length: 45
1 > Host: restful-booker.herokuapp.com
1 > Connection: Keep-Alive
1 > User-Agent: Apache-HttpClient/4.5.13 (Java/17.0.9)
1 > Accept-Encoding: gzip,deflate
{"username":"admin","password":"password123"}

17:23:50.819 [main] DEBUG com.intuit.karate - response time in milliseconds: 406
1 < 200
1 < Server: Cowboy
1 < Report-To: {"group":"heroku-nel","max_age":3600,"endpoints":[{"url":"https://nel.heroku.com/reports?ts=1739715831&sid=c46efe9b-d3d2-4a0c-8c76-bfafa16c5add&s=AInsBgaO5ZaVYGvWAKYaBRsSADSDSjiZqGIuhZpeKEo%3D"}]}
1 < Reporting-Endpoints: heroku-nel=https://nel.heroku.com/reports?ts=1739715831&sid=c46efe9b-d3d2-4a0c-8c76-bfafa16c5add&s=AInsBgaO5ZaVYGvWAKYaBRsSADSDSjiZqGIuhZpeKEo%3D
1 < Nel: {"report_to":"heroku-nel","max_age":3600,"success_fraction":0.005,"failure_fraction":0.05,"response_headers":["Via"]}
1 < Connection: keep-alive
1 < X-Powered-By: Express
1 < Content-Type: application/json; charset=utf-8
1 < Content-Length: 27
1 < Etag: W/"1b-xmMnexeWZiYr7pOYfWA759x/YAg"
1 < Date: Sun, 16 Feb 2025 14:23:51 GMT
1 < Via: 1.1 vegur
{"token":"98a6f18988e6043"}

17:23:50.822 [main] INFO  com.intuit.karate - [print] {
  "token": "98a6f18988e6043"
}
 
17:23:50.832 [main] DEBUG com.intuit.karate - request:
1 > PATCH https://restful-booker.herokuapp.com/booking/1389
1 > Context-Type: appliction/json
1 > Accept: application/json
1 > Cookie: token=98a6f18988e6043
1 > Content-Type: application/json; charset=UTF-8
1 > Content-Length: 43
1 > Host: restful-booker.herokuapp.com
1 > Connection: Keep-Alive
1 > User-Agent: Apache-HttpClient/4.5.13 (Java/17.0.9)
1 > Accept-Encoding: gzip,deflate
{"firstname":"Çağatay","lastname":"Test"}

17:23:51.243 [main] DEBUG com.intuit.karate - response time in milliseconds: 410
1 < 200
1 < Server: Cowboy
1 < Report-To: {"group":"heroku-nel","max_age":3600,"endpoints":[{"url":"https://nel.heroku.com/reports?ts=1739715831&sid=c46efe9b-d3d2-4a0c-8c76-bfafa16c5add&s=AInsBgaO5ZaVYGvWAKYaBRsSADSDSjiZqGIuhZpeKEo%3D"}]}
1 < Reporting-Endpoints: heroku-nel=https://nel.heroku.com/reports?ts=1739715831&sid=c46efe9b-d3d2-4a0c-8c76-bfafa16c5add&s=AInsBgaO5ZaVYGvWAKYaBRsSADSDSjiZqGIuhZpeKEo%3D
1 < Nel: {"report_to":"heroku-nel","max_age":3600,"success_fraction":0.005,"failure_fraction":0.05,"response_headers":["Via"]}
1 < Connection: keep-alive
1 < X-Powered-By: Express
1 < Content-Type: application/json; charset=utf-8
1 < Content-Length: 173
1 < Etag: W/"ad-ZcgYqrqQj8088/6qLVJp5EhpaKE"
1 < Date: Sun, 16 Feb 2025 14:23:51 GMT
1 < Via: 1.1 vegur
{"firstname":"Çağatay","lastname":"Test","totalprice":500,"depositpaid":true,"bookingdates":{"checkin":"2025-03-13","checkout":"2025-04-13"},"additionalneeds":"Breakfast"}

17:23:51.247 [main] INFO  com.intuit.karate - [print] {
  "firstname": "Çağatay",
  "lastname": "Test",
  "totalprice": 500,
  "depositpaid": true,
  "bookingdates": {
    "checkin": "2025-03-13",
    "checkout": "2025-04-13"
  },
  "additionalneeds": "Breakfast"
}
 
17:23:51.467 [main] INFO  com.intuit.karate.Suite - <<pass>> feature 9 of 10 (0 remaining) src/test/java/features/restfulBooker/partialUpdateBooking/PartialUpdateBooking.feature
17:23:51.554 [main] DEBUG com.intuit.karate - request:
1 > POST https://restful-booker.herokuapp.com/booking
1 > Accept: application/json
1 > Content-Type: application/json; charset=UTF-8
1 > Content-Length: 168
1 > Host: restful-booker.herokuapp.com
1 > Connection: Keep-Alive
1 > User-Agent: Apache-HttpClient/4.5.13 (Java/17.0.9)
1 > Accept-Encoding: gzip,deflate
{"firstname":"Mesut","lastname":"Tok","totalprice":500,"depositpaid":true,"bookingdates":{"checkin":"2025-03-13","checkout":"2025-04-13"},"additionalneeds":"Breakfast"}

17:23:51.966 [main] DEBUG com.intuit.karate - response time in milliseconds: 411
1 < 200
1 < Server: Cowboy
1 < Report-To: {"group":"heroku-nel","max_age":3600,"endpoints":[{"url":"https://nel.heroku.com/reports?ts=1739715832&sid=c46efe9b-d3d2-4a0c-8c76-bfafa16c5add&s=gwf4FJv%2FxrHuYCJvx0WxrRPTcl7etCvWw7ti0Ff9W5s%3D"}]}
1 < Reporting-Endpoints: heroku-nel=https://nel.heroku.com/reports?ts=1739715832&sid=c46efe9b-d3d2-4a0c-8c76-bfafa16c5add&s=gwf4FJv%2FxrHuYCJvx0WxrRPTcl7etCvWw7ti0Ff9W5s%3D
1 < Nel: {"report_to":"heroku-nel","max_age":3600,"success_fraction":0.005,"failure_fraction":0.05,"response_headers":["Via"]}
1 < Connection: keep-alive
1 < X-Powered-By: Express
1 < Content-Type: application/json; charset=utf-8
1 < Content-Length: 197
1 < Etag: W/"c5-u2ADgH2YGR8iKRM/oPCHzW6pzp8"
1 < Date: Sun, 16 Feb 2025 14:23:52 GMT
1 < Via: 1.1 vegur
{"bookingid":1397,"booking":{"firstname":"Mesut","lastname":"Tok","totalprice":500,"depositpaid":true,"bookingdates":{"checkin":"2025-03-13","checkout":"2025-04-13"},"additionalneeds":"Breakfast"}}

17:23:51.971 [main] INFO  com.intuit.karate - [print] {
  "bookingid": 1397,
  "booking": {
    "firstname": "Mesut",
    "lastname": "Tok",
    "totalprice": 500,
    "depositpaid": true,
    "bookingdates": {
      "checkin": "2025-03-13",
      "checkout": "2025-04-13"
    },
    "additionalneeds": "Breakfast"
  }
}
 
17:23:51.994 [main] INFO  com.intuit.karate - Config: {
  "apienv": null,
  "apiBaseURL": "https://restful-booker.herokuapp.com"
}
 
17:23:51.999 [main] DEBUG com.intuit.karate - request:
1 > POST https://restful-booker.herokuapp.com/auth
1 > Accept: application/json
1 > Content-Type: application/json; charset=UTF-8
1 > Content-Length: 45
1 > Host: restful-booker.herokuapp.com
1 > Connection: Keep-Alive
1 > User-Agent: Apache-HttpClient/4.5.13 (Java/17.0.9)
1 > Accept-Encoding: gzip,deflate
{"username":"admin","password":"password123"}

17:23:52.406 [main] DEBUG com.intuit.karate - response time in milliseconds: 406
1 < 200
1 < Server: Cowboy
1 < Report-To: {"group":"heroku-nel","max_age":3600,"endpoints":[{"url":"https://nel.heroku.com/reports?ts=1739715832&sid=c46efe9b-d3d2-4a0c-8c76-bfafa16c5add&s=gwf4FJv%2FxrHuYCJvx0WxrRPTcl7etCvWw7ti0Ff9W5s%3D"}]}
1 < Reporting-Endpoints: heroku-nel=https://nel.heroku.com/reports?ts=1739715832&sid=c46efe9b-d3d2-4a0c-8c76-bfafa16c5add&s=gwf4FJv%2FxrHuYCJvx0WxrRPTcl7etCvWw7ti0Ff9W5s%3D
1 < Nel: {"report_to":"heroku-nel","max_age":3600,"success_fraction":0.005,"failure_fraction":0.05,"response_headers":["Via"]}
1 < Connection: keep-alive
1 < X-Powered-By: Express
1 < Content-Type: application/json; charset=utf-8
1 < Content-Length: 27
1 < Etag: W/"1b-dsANiVxr3NAX4vjjefFqBmorwPU"
1 < Date: Sun, 16 Feb 2025 14:23:52 GMT
1 < Via: 1.1 vegur
{"token":"44eab7c6f154d2b"}

17:23:52.408 [main] INFO  com.intuit.karate - [print] {
  "token": "44eab7c6f154d2b"
}
 
17:23:52.413 [main] DEBUG com.intuit.karate - request:
1 > PUT https://restful-booker.herokuapp.com/booking/1397
1 > Context-Type: appliction/json
1 > Accept: application/json
1 > Cookie: token=44eab7c6f154d2b
1 > Content-Type: application/json; charset=UTF-8
1 > Content-Length: 180
1 > Host: restful-booker.herokuapp.com
1 > Connection: Keep-Alive
1 > User-Agent: Apache-HttpClient/4.5.13 (Java/17.0.9)
1 > Accept-Encoding: gzip,deflate
{"firstname":"Çağatay Test","lastname":"Tok Test","totalprice":1000,"depositpaid":true,"bookingdates":{"checkin":"2028-01-01","checkout":"2028-01-01"},"additionalneeds":"Brunch"}

17:23:52.825 [main] DEBUG com.intuit.karate - response time in milliseconds: 410
1 < 200
1 < Server: Cowboy
1 < Report-To: {"group":"heroku-nel","max_age":3600,"endpoints":[{"url":"https://nel.heroku.com/reports?ts=1739715833&sid=c46efe9b-d3d2-4a0c-8c76-bfafa16c5add&s=wRkWHeG1PuL%2FeGY8%2FYP404TOmYrpgGcKVWvKJomce9o%3D"}]}
1 < Reporting-Endpoints: heroku-nel=https://nel.heroku.com/reports?ts=1739715833&sid=c46efe9b-d3d2-4a0c-8c76-bfafa16c5add&s=wRkWHeG1PuL%2FeGY8%2FYP404TOmYrpgGcKVWvKJomce9o%3D
1 < Nel: {"report_to":"heroku-nel","max_age":3600,"success_fraction":0.005,"failure_fraction":0.05,"response_headers":["Via"]}
1 < Connection: keep-alive
1 < X-Powered-By: Express
1 < Content-Type: application/json; charset=utf-8
1 < Content-Length: 180
1 < Etag: W/"b4-imkvQtJAe3B+l+nu1gxY/qMnpok"
1 < Date: Sun, 16 Feb 2025 14:23:53 GMT
1 < Via: 1.1 vegur
{"firstname":"Çağatay Test","lastname":"Tok Test","totalprice":1000,"depositpaid":true,"bookingdates":{"checkin":"2028-01-01","checkout":"2028-01-01"},"additionalneeds":"Brunch"}

17:23:52.830 [main] INFO  com.intuit.karate - [print] {
  "firstname": "Çağatay Test",
  "lastname": "Tok Test",
  "totalprice": 1000,
  "depositpaid": true,
  "bookingdates": {
    "checkin": "2028-01-01",
    "checkout": "2028-01-01"
  },
  "additionalneeds": "Brunch"
}
 
17:23:52.991 [main] INFO  com.intuit.karate.Suite - <<pass>> feature 10 of 10 (0 remaining) src/test/java/features/restfulBooker/updateBooking/UpdateBooking.feature
17:23:52.993 [main] DEBUG com.intuit.karate.Suite - waiting for 10 features to complete
